This file contains any messages produced by compilers while
running configure, to aid debugging if configure makes a mistake.

It was created by Google C++ Testing Framework configure 1.7.0, which was
generated by GNU Autoconf 2.69.  Invocation command line was

  $ ./configure --disable-option-checking --prefix=/usr/local --cache-file=/dev/null --srcdir=.

## --------- ##
## Platform. ##
## --------- ##

hostname = node174
uname -m = x86_64
uname -r = 3.10.0-229.el7.x86_64
uname -s = Linux
uname -v = #1 SMP Thu Jan 29 18:37:38 EST 2015

/usr/bin/uname -p = x86_64
/bin/uname -X     = unknown

/bin/arch              = x86_64
/usr/bin/arch -k       = unknown
/usr/convex/getsysinfo = unknown
/usr/bin/hostinfo      = unknown
/bin/machine           = unknown
/usr/bin/oslevel       = unknown
/bin/universe          = unknown

PATH: /usr/lib64/qt-3.3/bin
PATH: /usr/local/sbin
PATH: /usr/local/bin
PATH: /usr/sbin
PATH: /usr/bin
PATH: /root/bin


## ----------- ##
## Core tests. ##
## ----------- ##

configure:2320: checking for a BSD-compatible install
configure:2388: result: /usr/bin/install -c
configure:2399: checking whether build environment is sane
configure:2454: result: yes
configure:2605: checking for a thread-safe mkdir -p
configure:2644: result: /usr/bin/mkdir -p
configure:2651: checking for gawk
configure:2667: found /usr/bin/gawk
configure:2678: result: gawk
configure:2689: checking whether make sets $(MAKE)
configure:2711: result: yes
configure:2740: checking whether make supports nested variables
configure:2757: result: yes
configure:2891: checking for gcc
configure:2907: found /usr/bin/gcc
configure:2918: result: gcc
configure:3147: checking for C compiler version
configure:3156: gcc --version >&5
gcc (GCC) 4.8.3 20140911 (Red Hat 4.8.3-9)
Copyright (C) 2013 Free Software Foundation, Inc.
This is free software; see the source for copying conditions.  There is NO
warranty; not even for MERCHANTABILITY or FITNESS FOR A PARTICULAR PURPOSE.

configure:3167: $? = 0
configure:3156: gcc -v >&5
Using built-in specs.
COLLECT_GCC=gcc
COLLECT_LTO_WRAPPER=/usr/libexec/gcc/x86_64-redhat-linux/4.8.3/lto-wrapper
Target: x86_64-redhat-linux
Configured with: ../configure --prefix=/usr --mandir=/usr/share/man --infodir=/usr/share/info --with-bugurl=http://bugzilla.redhat.com/bugzilla --enable-bootstrap --enable-shared --enable-threads=posix --enable-checking=release --with-system-zlib --enable-__cxa_atexit --disable-libunwind-exceptions --enable-gnu-unique-object --enable-linker-build-id --with-linker-hash-style=gnu --enable-languages=c,c++,objc,obj-c++,java,fortran,ada,go,lto --enable-plugin --enable-initfini-array --disable-libgcj --with-isl=/builddir/build/BUILD/gcc-4.8.3-20140911/obj-x86_64-redhat-linux/isl-install --with-cloog=/builddir/build/BUILD/gcc-4.8.3-20140911/obj-x86_64-redhat-linux/cloog-install --enable-gnu-indirect-function --with-tune=generic --with-arch_32=x86-64 --build=x86_64-redhat-linux
Thread model: posix
gcc version 4.8.3 20140911 (Red Hat 4.8.3-9) (GCC) 
configure:3167: $? = 0
configure:3156: gcc -V >&5
gcc: error: unrecognized command line option '-V'
gcc: fatal error: no input files
compilation terminated.
configure:3167: $? = 4
configure:3156: gcc -qversion >&5
gcc: error: unrecognized command line option '-qversion'
gcc: fatal error: no input files
compilation terminated.
configure:3167: $? = 4
configure:3187: checking whether the C compiler works
configure:3209: gcc    conftest.c  >&5
configure:3213: $? = 0
configure:3261: result: yes
configure:3264: checking for C compiler default output file name
configure:3266: result: a.out
configure:3272: checking for suffix of executables
configure:3279: gcc -o conftest    conftest.c  >&5
configure:3283: $? = 0
configure:3305: result: 
configure:3327: checking whether we are cross compiling
configure:3335: gcc -o conftest    conftest.c  >&5
configure:3339: $? = 0
configure:3346: ./conftest
configure:3350: $? = 0
configure:3365: result: no
configure:3370: checking for suffix of object files
configure:3392: gcc -c   conftest.c >&5
configure:3396: $? = 0
configure:3417: result: o
configure:3421: checking whether we are using the GNU C compiler
configure:3440: gcc -c   conftest.c >&5
configure:3440: $? = 0
configure:3449: result: yes
configure:3458: checking whether gcc accepts -g
configure:3478: gcc -c -g  conftest.c >&5
configure:3478: $? = 0
configure:3519: result: yes
configure:3536: checking for gcc option to accept ISO C89
configure:3599: gcc  -c -g -O2  conftest.c >&5
configure:3599: $? = 0
configure:3612: result: none needed
configure:3643: checking for style of include used by make
configure:3671: result: GNU
configure:3697: checking dependency style of gcc
configure:3808: result: gcc3
configure:3881: checking for g++
configure:3897: found /usr/bin/g++
configure:3908: result: g++
configure:3935: checking for C++ compiler version
configure:3944: g++ --version >&5
g++ (GCC) 4.8.3 20140911 (Red Hat 4.8.3-9)
Copyright (C) 2013 Free Software Foundation, Inc.
This is free software; see the source for copying conditions.  There is NO
warranty; not even for MERCHANTABILITY or FITNESS FOR A PARTICULAR PURPOSE.

configure:3955: $? = 0
configure:3944: g++ -v >&5
Using built-in specs.
COLLECT_GCC=g++
COLLECT_LTO_WRAPPER=/usr/libexec/gcc/x86_64-redhat-linux/4.8.3/lto-wrapper
Target: x86_64-redhat-linux
Configured with: ../configure --prefix=/usr --mandir=/usr/share/man --infodir=/usr/share/info --with-bugurl=http://bugzilla.redhat.com/bugzilla --enable-bootstrap --enable-shared --enable-threads=posix --enable-checking=release --with-system-zlib --enable-__cxa_atexit --disable-libunwind-exceptions --enable-gnu-unique-object --enable-linker-build-id --with-linker-hash-style=gnu --enable-languages=c,c++,objc,obj-c++,java,fortran,ada,go,lto --enable-plugin --enable-initfini-array --disable-libgcj --with-isl=/builddir/build/BUILD/gcc-4.8.3-20140911/obj-x86_64-redhat-linux/isl-install --with-cloog=/builddir/build/BUILD/gcc-4.8.3-20140911/obj-x86_64-redhat-linux/cloog-install --enable-gnu-indirect-function --with-tune=generic --with-arch_32=x86-64 --build=x86_64-redhat-linux
Thread model: posix
gcc version 4.8.3 20140911 (Red Hat 4.8.3-9) (GCC) 
configure:3955: $? = 0
configure:3944: g++ -V >&5
g++: error: unrecognized command line option '-V'
g++: fatal error: no input files
compilation terminated.
configure:3955: $? = 4
configure:3944: g++ -qversion >&5
g++: error: unrecognized command line option '-qversion'
g++: fatal error: no input files
compilation terminated.
configure:3955: $? = 4
configure:3959: checking whether we are using the GNU C++ compiler
configure:3978: g++ -c   conftest.cpp >&5
configure:3978: $? = 0
configure:3987: result: yes
configure:3996: checking whether g++ accepts -g
configure:4016: g++ -c -g  conftest.cpp >&5
configure:4016: $? = 0
configure:4057: result: yes
configure:4082: checking dependency style of g++
configure:4193: result: gcc3
configure:4243: checking build system type
configure:4257: result: x86_64-unknown-linux-gnu
configure:4277: checking host system type
configure:4290: result: x86_64-unknown-linux-gnu
configure:4331: checking how to print strings
configure:4358: result: printf
configure:4379: checking for a sed that does not truncate output
configure:4443: result: /usr/bin/sed
configure:4461: checking for grep that handles long lines and -e
configure:4519: result: /usr/bin/grep
configure:4524: checking for egrep
configure:4586: result: /usr/bin/grep -E
configure:4591: checking for fgrep
configure:4653: result: /usr/bin/grep -F
configure:4688: checking for ld used by gcc
configure:4755: result: /usr/bin/ld
configure:4762: checking if the linker (/usr/bin/ld) is GNU ld
configure:4777: result: yes
configure:4789: checking for BSD- or MS-compatible name lister (nm)
configure:4838: result: /usr/bin/nm -B
configure:4968: checking the name lister (/usr/bin/nm -B) interface
configure:4975: g++ -c -g -O2  conftest.cpp >&5
configure:4978: /usr/bin/nm -B "conftest.o"
configure:4981: output
0000000000000000 B some_variable
configure:4988: result: BSD nm
configure:4991: checking whether ln -s works
configure:4995: result: yes
configure:5003: checking the maximum length of command line arguments
configure:5133: result: 1572864
configure:5150: checking whether the shell understands some XSI constructs
configure:5160: result: yes
configure:5164: checking whether the shell understands "+="
configure:5170: result: yes
configure:5205: checking how to convert x86_64-unknown-linux-gnu file names to x86_64-unknown-linux-gnu format
configure:5245: result: func_convert_file_noop
configure:5252: checking how to convert x86_64-unknown-linux-gnu file names to toolchain format
configure:5272: result: func_convert_file_noop
configure:5279: checking for /usr/bin/ld option to reload object files
configure:5286: result: -r
configure:5360: checking for objdump
configure:5376: found /usr/bin/objdump
configure:5387: result: objdump
configure:5419: checking how to recognize dependent libraries
configure:5621: result: pass_all
configure:5706: checking for dlltool
configure:5736: result: no
configure:5766: checking how to associate runtime and link libraries
configure:5793: result: printf %s\n
configure:5854: checking for ar
configure:5870: found /usr/bin/ar
configure:5881: result: ar
configure:5918: checking for archiver @FILE support
configure:5935: g++ -c -g -O2  conftest.cpp >&5
configure:5935: $? = 0
configure:5938: ar cru libconftest.a @conftest.lst >&5
configure:5941: $? = 0
configure:5946: ar cru libconftest.a @conftest.lst >&5
ar: conftest.o: No such file or directory
configure:5949: $? = 1
configure:5961: result: @
configure:6019: checking for strip
configure:6035: found /usr/bin/strip
configure:6046: result: strip
configure:6118: checking for ranlib
configure:6134: found /usr/bin/ranlib
configure:6145: result: ranlib
configure:6247: checking command to parse /usr/bin/nm -B output from gcc object
configure:6367: g++ -c -g -O2  conftest.cpp >&5
configure:6370: $? = 0
configure:6374: /usr/bin/nm -B conftest.o \| sed -n -e 's/^.*[ ]\([ABCDGIRSTW][ABCDGIRSTW]*\)[ ][ ]*\([_A-Za-z][_A-Za-z0-9]*\)$/\1 \2 \2/p' | sed '/ __gnu_lto/d' \> conftest.nm
configure:6377: $? = 0
configure:6443: g++ -o conftest -g -O2   conftest.cpp conftstm.o >&5
configure:6446: $? = 0
configure:6484: result: ok
configure:6521: checking for sysroot
configure:6551: result: no
configure:6629: g++ -c -g -O2  conftest.cpp >&5
configure:6632: $? = 0
configure:6808: checking for mt
configure:6838: result: no
configure:6858: checking if : is a manifest tool
configure:6864: : '-?'
configure:6872: result: no
configure:7514: checking how to run the C preprocessor
configure:7545: gcc -E  conftest.c
configure:7545: $? = 0
configure:7559: gcc -E  conftest.c
conftest.c:11:28: fatal error: ac_nonexistent.h: No such file or directory
 #include <ac_nonexistent.h>
                            ^
compilation terminated.
configure:7559: $? = 1
configure: failed program was:
| /* confdefs.h */
| #define PACKAGE_NAME "Google C++ Testing Framework"
| #define PACKAGE_TARNAME "gtest"
| #define PACKAGE_VERSION "1.7.0"
| #define PACKAGE_STRING "Google C++ Testing Framework 1.7.0"
| #define PACKAGE_BUGREPORT "googletestframework@googlegroups.com"
| #define PACKAGE_URL ""
| #define PACKAGE "gtest"
| #define VERSION "1.7.0"
| /* end confdefs.h.  */
| #include <ac_nonexistent.h>
configure:7584: result: gcc -E
configure:7604: gcc -E  conftest.c
configure:7604: $? = 0
configure:7618: gcc -E  conftest.c
conftest.c:11:28: fatal error: ac_nonexistent.h: No such file or directory
 #include <ac_nonexistent.h>
                            ^
compilation terminated.
configure:7618: $? = 1
configure: failed program was:
| /* confdefs.h */
| #define PACKAGE_NAME "Google C++ Testing Framework"
| #define PACKAGE_TARNAME "gtest"
| #define PACKAGE_VERSION "1.7.0"
| #define PACKAGE_STRING "Google C++ Testing Framework 1.7.0"
| #define PACKAGE_BUGREPORT "googletestframework@googlegroups.com"
| #define PACKAGE_URL ""
| #define PACKAGE "gtest"
| #define VERSION "1.7.0"
| /* end confdefs.h.  */
| #include <ac_nonexistent.h>
configure:7647: checking for ANSI C header files
configure:7667: gcc -c -g -O2  conftest.c >&5
configure:7667: $? = 0
configure:7740: gcc -o conftest -g -O2   conftest.c  >&5
configure:7740: $? = 0
configure:7740: ./conftest
configure:7740: $? = 0
configure:7751: result: yes
configure:7764: checking for sys/types.h
configure:7764: gcc -c -g -O2  conftest.c >&5
configure:7764: $? = 0
configure:7764: result: yes
configure:7764: checking for sys/stat.h
configure:7764: gcc -c -g -O2  conftest.c >&5
configure:7764: $? = 0
configure:7764: result: yes
configure:7764: checking for stdlib.h
configure:7764: gcc -c -g -O2  conftest.c >&5
configure:7764: $? = 0
configure:7764: result: yes
configure:7764: checking for string.h
configure:7764: gcc -c -g -O2  conftest.c >&5
configure:7764: $? = 0
configure:7764: result: yes
configure:7764: checking for memory.h
configure:7764: gcc -c -g -O2  conftest.c >&5
configure:7764: $? = 0
configure:7764: result: yes
configure:7764: checking for strings.h
configure:7764: gcc -c -g -O2  conftest.c >&5
configure:7764: $? = 0
configure:7764: result: yes
configure:7764: checking for inttypes.h
configure:7764: gcc -c -g -O2  conftest.c >&5
configure:7764: $? = 0
configure:7764: result: yes
configure:7764: checking for stdint.h
configure:7764: gcc -c -g -O2  conftest.c >&5
configure:7764: $? = 0
configure:7764: result: yes
configure:7764: checking for unistd.h
configure:7764: gcc -c -g -O2  conftest.c >&5
configure:7764: $? = 0
configure:7764: result: yes
configure:7778: checking for dlfcn.h
configure:7778: gcc -c -g -O2  conftest.c >&5
configure:7778: $? = 0
configure:7778: result: yes
configure:7994: checking for objdir
configure:8009: result: .libs
configure:8280: checking if gcc supports -fno-rtti -fno-exceptions
configure:8298: gcc -c -g -O2  -fno-rtti -fno-exceptions conftest.c >&5
cc1: warning: command line option '-fno-rtti' is valid for C++/ObjC++ but not for C [enabled by default]
configure:8302: $? = 0
configure:8315: result: no
configure:8642: checking for gcc option to produce PIC
configure:8649: result: -fPIC -DPIC
configure:8657: checking if gcc PIC flag -fPIC -DPIC works
configure:8675: gcc -c -g -O2  -fPIC -DPIC -DPIC conftest.c >&5
configure:8679: $? = 0
configure:8692: result: yes
configure:8721: checking if gcc static flag -static works
configure:8749: result: no
configure:8764: checking if gcc supports -c -o file.o
configure:8785: gcc -c -g -O2  -o out/conftest2.o conftest.c >&5
configure:8789: $? = 0
configure:8811: result: yes
configure:8819: checking if gcc supports -c -o file.o
configure:8866: result: yes
configure:8899: checking whether the gcc linker (/usr/bin/ld -m elf_x86_64) supports shared libraries
configure:10052: result: yes
configure:10089: checking whether -lc should be explicitly linked in
configure:10097: gcc -c -g -O2  conftest.c >&5
configure:10100: $? = 0
configure:10115: gcc -shared  -fPIC -DPIC conftest.o  -v -Wl,-soname -Wl,conftest -o conftest 2\>\&1 \| /usr/bin/grep  -lc  \>/dev/null 2\>\&1
configure:10118: $? = 0
configure:10132: result: no
configure:10292: checking dynamic linker characteristics
configure:10803: gcc -o conftest -g -O2   -Wl,-rpath -Wl,/foo conftest.c  >&5
configure:10803: $? = 0
configure:11029: result: GNU/Linux ld.so
configure:11136: checking how to hardcode library paths into programs
configure:11161: result: immediate
configure:11701: checking whether stripping libraries is possible
configure:11706: result: yes
configure:11741: checking if libtool supports shared libraries
configure:11743: result: yes
configure:11746: checking whether to build shared libraries
configure:11767: result: yes
configure:11770: checking whether to build static libraries
configure:11774: result: yes
configure:11797: checking how to run the C++ preprocessor
configure:11824: g++ -E  conftest.cpp
configure:11824: $? = 0
configure:11838: g++ -E  conftest.cpp
conftest.cpp:23:28: fatal error: ac_nonexistent.h: No such file or directory
 #include <ac_nonexistent.h>
                            ^
compilation terminated.
configure:11838: $? = 1
configure: failed program was:
| /* confdefs.h */
| #define PACKAGE_NAME "Google C++ Testing Framework"
| #define PACKAGE_TARNAME "gtest"
| #define PACKAGE_VERSION "1.7.0"
| #define PACKAGE_STRING "Google C++ Testing Framework 1.7.0"
| #define PACKAGE_BUGREPORT "googletestframework@googlegroups.com"
| #define PACKAGE_URL ""
| #define PACKAGE "gtest"
| #define VERSION "1.7.0"
| #define STDC_HEADERS 1
| #define HAVE_SYS_TYPES_H 1
| #define HAVE_SYS_STAT_H 1
| #define HAVE_STDLIB_H 1
| #define HAVE_STRING_H 1
| #define HAVE_MEMORY_H 1
| #define HAVE_STRINGS_H 1
| #define HAVE_INTTYPES_H 1
| #define HAVE_STDINT_H 1
| #define HAVE_UNISTD_H 1
| #define HAVE_DLFCN_H 1
| #define LT_OBJDIR ".libs/"
| /* end confdefs.h.  */
| #include <ac_nonexistent.h>
configure:11863: result: g++ -E
configure:11883: g++ -E  conftest.cpp
configure:11883: $? = 0
configure:11897: g++ -E  conftest.cpp
conftest.cpp:23:28: fatal error: ac_nonexistent.h: No such file or directory
 #include <ac_nonexistent.h>
                            ^
compilation terminated.
configure:11897: $? = 1
configure: failed program was:
| /* confdefs.h */
| #define PACKAGE_NAME "Google C++ Testing Framework"
| #define PACKAGE_TARNAME "gtest"
| #define PACKAGE_VERSION "1.7.0"
| #define PACKAGE_STRING "Google C++ Testing Framework 1.7.0"
| #define PACKAGE_BUGREPORT "googletestframework@googlegroups.com"
| #define PACKAGE_URL ""
| #define PACKAGE "gtest"
| #define VERSION "1.7.0"
| #define STDC_HEADERS 1
| #define HAVE_SYS_TYPES_H 1
| #define HAVE_SYS_STAT_H 1
| #define HAVE_STDLIB_H 1
| #define HAVE_STRING_H 1
| #define HAVE_MEMORY_H 1
| #define HAVE_STRINGS_H 1
| #define HAVE_INTTYPES_H 1
| #define HAVE_STDINT_H 1
| #define HAVE_UNISTD_H 1
| #define HAVE_DLFCN_H 1
| #define LT_OBJDIR ".libs/"
| /* end confdefs.h.  */
| #include <ac_nonexistent.h>
configure:12066: checking for ld used by g++
configure:12133: result: /usr/bin/ld -m elf_x86_64
configure:12140: checking if the linker (/usr/bin/ld -m elf_x86_64) is GNU ld
configure:12155: result: yes
configure:12210: checking whether the g++ linker (/usr/bin/ld -m elf_x86_64) supports shared libraries
configure:13215: result: yes
configure:13251: g++ -c -g -O2  conftest.cpp >&5
configure:13254: $? = 0
configure:13774: checking for g++ option to produce PIC
configure:13781: result: -fPIC -DPIC
configure:13789: checking if g++ PIC flag -fPIC -DPIC works
configure:13807: g++ -c -g -O2  -fPIC -DPIC -DPIC conftest.cpp >&5
configure:13811: $? = 0
configure:13824: result: yes
configure:13847: checking if g++ static flag -static works
configure:13875: result: no
configure:13887: checking if g++ supports -c -o file.o
configure:13908: g++ -c -g -O2  -o out/conftest2.o conftest.cpp >&5
configure:13912: $? = 0
configure:13934: result: yes
configure:13939: checking if g++ supports -c -o file.o
configure:13986: result: yes
configure:14016: checking whether the g++ linker (/usr/bin/ld -m elf_x86_64) supports shared libraries
configure:14052: result: yes
configure:14193: checking dynamic linker characteristics
configure:14864: result: GNU/Linux ld.so
configure:14917: checking how to hardcode library paths into programs
configure:14942: result: immediate
configure:15012: checking for python
configure:15030: found /usr/bin/python
configure:15043: result: /usr/bin/python
configure:15061: /usr/bin/python -c import sys # split strings by '.' and convert to numeric. Append some zeros # because we need at least 4 digits for the hex conversion. # map returns an iterator in Python 3.0 and a list in 2.x minver = list(map(int, '2.3'.split('.'))) + [0, 0, 0] minverhex = 0 # xrange is not present in Python 3.0 and range returns an iterator for i in list(range(0, 4)): minverhex = (minverhex << 8) + minver[i] sys.exit(sys.hexversion < minverhex)
configure:15064: $? = 0
configure:15257: checking for the pthreads library -lpthreads
configure:15290: gcc -o conftest -g -O2    conftest.c -lpthreads  >&5
/usr/bin/ld: cannot find -lpthreads
collect2: error: ld returned 1 exit status
configure:15290: $? = 1
configure: failed program was:
| /* confdefs.h */
| #define PACKAGE_NAME "Google C++ Testing Framework"
| #define PACKAGE_TARNAME "gtest"
| #define PACKAGE_VERSION "1.7.0"
| #define PACKAGE_STRING "Google C++ Testing Framework 1.7.0"
| #define PACKAGE_BUGREPORT "googletestframework@googlegroups.com"
| #define PACKAGE_URL ""
| #define PACKAGE "gtest"
| #define VERSION "1.7.0"
| #define STDC_HEADERS 1
| #define HAVE_SYS_TYPES_H 1
| #define HAVE_SYS_STAT_H 1
| #define HAVE_STDLIB_H 1
| #define HAVE_STRING_H 1
| #define HAVE_MEMORY_H 1
| #define HAVE_STRINGS_H 1
| #define HAVE_INTTYPES_H 1
| #define HAVE_STDINT_H 1
| #define HAVE_UNISTD_H 1
| #define HAVE_DLFCN_H 1
| #define LT_OBJDIR ".libs/"
| /* end confdefs.h.  */
| #include <pthread.h>
| int
| main ()
| {
| pthread_t th; pthread_join(th, 0);
|                      pthread_attr_init(0); pthread_cleanup_push(0, 0);
|                      pthread_create(0,0,0,0); pthread_cleanup_pop(0);
|   ;
|   return 0;
| }
configure:15299: result: no
configure:15202: checking whether pthreads work without any flags
configure:15290: gcc -o conftest -g -O2    conftest.c   >&5
/tmp/ccNNhp4Z.o: In function `main':
/usr/ceph-0.94.3/src/gmock/gtest/conftest.c:27: undefined reference to `pthread_join'
/usr/ceph-0.94.3/src/gmock/gtest/conftest.c:28: undefined reference to `__pthread_register_cancel'
/usr/ceph-0.94.3/src/gmock/gtest/conftest.c:29: undefined reference to `pthread_create'
/usr/ceph-0.94.3/src/gmock/gtest/conftest.c:29: undefined reference to `__pthread_unregister_cancel'
collect2: error: ld returned 1 exit status
configure:15290: $? = 1
configure: failed program was:
| /* confdefs.h */
| #define PACKAGE_NAME "Google C++ Testing Framework"
| #define PACKAGE_TARNAME "gtest"
| #define PACKAGE_VERSION "1.7.0"
| #define PACKAGE_STRING "Google C++ Testing Framework 1.7.0"
| #define PACKAGE_BUGREPORT "googletestframework@googlegroups.com"
| #define PACKAGE_URL ""
| #define PACKAGE "gtest"
| #define VERSION "1.7.0"
| #define STDC_HEADERS 1
| #define HAVE_SYS_TYPES_H 1
| #define HAVE_SYS_STAT_H 1
| #define HAVE_STDLIB_H 1
| #define HAVE_STRING_H 1
| #define HAVE_MEMORY_H 1
| #define HAVE_STRINGS_H 1
| #define HAVE_INTTYPES_H 1
| #define HAVE_STDINT_H 1
| #define HAVE_UNISTD_H 1
| #define HAVE_DLFCN_H 1
| #define LT_OBJDIR ".libs/"
| /* end confdefs.h.  */
| #include <pthread.h>
| int
| main ()
| {
| pthread_t th; pthread_join(th, 0);
|                      pthread_attr_init(0); pthread_cleanup_push(0, 0);
|                      pthread_create(0,0,0,0); pthread_cleanup_pop(0);
|   ;
|   return 0;
| }
configure:15299: result: no
configure:15207: checking whether pthreads work with -Kthread
configure:15290: gcc -o conftest -g -O2 -Kthread   conftest.c   >&5
gcc: error: unrecognized command line option '-Kthread'
configure:15290: $? = 1
configure: failed program was:
| /* confdefs.h */
| #define PACKAGE_NAME "Google C++ Testing Framework"
| #define PACKAGE_TARNAME "gtest"
| #define PACKAGE_VERSION "1.7.0"
| #define PACKAGE_STRING "Google C++ Testing Framework 1.7.0"
| #define PACKAGE_BUGREPORT "googletestframework@googlegroups.com"
| #define PACKAGE_URL ""
| #define PACKAGE "gtest"
| #define VERSION "1.7.0"
| #define STDC_HEADERS 1
| #define HAVE_SYS_TYPES_H 1
| #define HAVE_SYS_STAT_H 1
| #define HAVE_STDLIB_H 1
| #define HAVE_STRING_H 1
| #define HAVE_MEMORY_H 1
| #define HAVE_STRINGS_H 1
| #define HAVE_INTTYPES_H 1
| #define HAVE_STDINT_H 1
| #define HAVE_UNISTD_H 1
| #define HAVE_DLFCN_H 1
| #define LT_OBJDIR ".libs/"
| /* end confdefs.h.  */
| #include <pthread.h>
| int
| main ()
| {
| pthread_t th; pthread_join(th, 0);
|                      pthread_attr_init(0); pthread_cleanup_push(0, 0);
|                      pthread_create(0,0,0,0); pthread_cleanup_pop(0);
|   ;
|   return 0;
| }
configure:15299: result: no
configure:15207: checking whether pthreads work with -kthread
configure:15290: gcc -o conftest -g -O2 -kthread   conftest.c   >&5
gcc: error: unrecognized command line option '-kthread'
configure:15290: $? = 1
configure: failed program was:
| /* confdefs.h */
| #define PACKAGE_NAME "Google C++ Testing Framework"
| #define PACKAGE_TARNAME "gtest"
| #define PACKAGE_VERSION "1.7.0"
| #define PACKAGE_STRING "Google C++ Testing Framework 1.7.0"
| #define PACKAGE_BUGREPORT "googletestframework@googlegroups.com"
| #define PACKAGE_URL ""
| #define PACKAGE "gtest"
| #define VERSION "1.7.0"
| #define STDC_HEADERS 1
| #define HAVE_SYS_TYPES_H 1
| #define HAVE_SYS_STAT_H 1
| #define HAVE_STDLIB_H 1
| #define HAVE_STRING_H 1
| #define HAVE_MEMORY_H 1
| #define HAVE_STRINGS_H 1
| #define HAVE_INTTYPES_H 1
| #define HAVE_STDINT_H 1
| #define HAVE_UNISTD_H 1
| #define HAVE_DLFCN_H 1
| #define LT_OBJDIR ".libs/"
| /* end confdefs.h.  */
| #include <pthread.h>
| int
| main ()
| {
| pthread_t th; pthread_join(th, 0);
|                      pthread_attr_init(0); pthread_cleanup_push(0, 0);
|                      pthread_create(0,0,0,0); pthread_cleanup_pop(0);
|   ;
|   return 0;
| }
configure:15299: result: no
configure:15257: checking for the pthreads library -llthread
configure:15290: gcc -o conftest -g -O2    conftest.c -llthread  >&5
/usr/bin/ld: cannot find -llthread
collect2: error: ld returned 1 exit status
configure:15290: $? = 1
configure: failed program was:
| /* confdefs.h */
| #define PACKAGE_NAME "Google C++ Testing Framework"
| #define PACKAGE_TARNAME "gtest"
| #define PACKAGE_VERSION "1.7.0"
| #define PACKAGE_STRING "Google C++ Testing Framework 1.7.0"
| #define PACKAGE_BUGREPORT "googletestframework@googlegroups.com"
| #define PACKAGE_URL ""
| #define PACKAGE "gtest"
| #define VERSION "1.7.0"
| #define STDC_HEADERS 1
| #define HAVE_SYS_TYPES_H 1
| #define HAVE_SYS_STAT_H 1
| #define HAVE_STDLIB_H 1
| #define HAVE_STRING_H 1
| #define HAVE_MEMORY_H 1
| #define HAVE_STRINGS_H 1
| #define HAVE_INTTYPES_H 1
| #define HAVE_STDINT_H 1
| #define HAVE_UNISTD_H 1
| #define HAVE_DLFCN_H 1
| #define LT_OBJDIR ".libs/"
| /* end confdefs.h.  */
| #include <pthread.h>
| int
| main ()
| {
| pthread_t th; pthread_join(th, 0);
|                      pthread_attr_init(0); pthread_cleanup_push(0, 0);
|                      pthread_create(0,0,0,0); pthread_cleanup_pop(0);
|   ;
|   return 0;
| }
configure:15299: result: no
configure:15207: checking whether pthreads work with -pthread
configure:15290: gcc -o conftest -g -O2 -pthread   conftest.c   >&5
configure:15290: $? = 0
configure:15299: result: yes
configure:15318: checking for joinable pthread attribute
configure:15333: gcc -o conftest -g -O2 -pthread   conftest.c   >&5
configure:15333: $? = 0
configure:15339: result: PTHREAD_CREATE_JOINABLE
configure:15349: checking if more special flags are required for pthreads
configure:15356: result: no
configure:15445: checking whether to check for GCC pthread/shared inconsistencies
configure:15458: gcc -o conftest -shared -fPIC -Wl,-z,defs -g -O2 -pthread   conftest.c   >&5
configure:15458: $? = 0
configure:15470: result: yes
configure:15476: checking whether -pthread is sufficient with -shared
configure:15491: gcc -o conftest -shared -fPIC -Wl,-z,defs -g -O2 -pthread   conftest.c   >&5
configure:15491: $? = 0
configure:15498: result: yes
configure:15747: checking that generated files are newer than configure
configure:15753: result: done
configure:15788: creating ./config.status

## ---------------------- ##
## Running config.status. ##
## ---------------------- ##

This file was extended by Google C++ Testing Framework config.status 1.7.0, which was
generated by GNU Autoconf 2.69.  Invocation command line was

  CONFIG_FILES    = 
  CONFIG_HEADERS  = 
  CONFIG_LINKS    = 
  CONFIG_COMMANDS = 
  $ ./config.status 

on node174

config.status:1154: creating Makefile
config.status:1154: creating scripts/gtest-config
config.status:1154: creating build-aux/config.h
config.status:1335: build-aux/config.h is unchanged
config.status:1383: executing depfiles commands
config.status:1383: executing libtool commands

## ---------------- ##
## Cache variables. ##
## ---------------- ##

ac_cv_build=x86_64-unknown-linux-gnu
ac_cv_c_compiler_gnu=yes
ac_cv_cxx_compiler_gnu=yes
ac_cv_env_CCC_set=
ac_cv_env_CCC_value=
ac_cv_env_CC_set=
ac_cv_env_CC_value=
ac_cv_env_CFLAGS_set=
ac_cv_env_CFLAGS_value=
ac_cv_env_CPPFLAGS_set=
ac_cv_env_CPPFLAGS_value=
ac_cv_env_CPP_set=
ac_cv_env_CPP_value=
ac_cv_env_CXXCPP_set=
ac_cv_env_CXXCPP_value=
ac_cv_env_CXXFLAGS_set=
ac_cv_env_CXXFLAGS_value=
ac_cv_env_CXX_set=
ac_cv_env_CXX_value=
ac_cv_env_LDFLAGS_set=
ac_cv_env_LDFLAGS_value=
ac_cv_env_LIBS_set=
ac_cv_env_LIBS_value=
ac_cv_env_build_alias_set=
ac_cv_env_build_alias_value=
ac_cv_env_host_alias_set=
ac_cv_env_host_alias_value=
ac_cv_env_target_alias_set=
ac_cv_env_target_alias_value=
ac_cv_header_dlfcn_h=yes
ac_cv_header_inttypes_h=yes
ac_cv_header_memory_h=yes
ac_cv_header_stdc=yes
ac_cv_header_stdint_h=yes
ac_cv_header_stdlib_h=yes
ac_cv_header_string_h=yes
ac_cv_header_strings_h=yes
ac_cv_header_sys_stat_h=yes
ac_cv_header_sys_types_h=yes
ac_cv_header_unistd_h=yes
ac_cv_host=x86_64-unknown-linux-gnu
ac_cv_objext=o
ac_cv_path_EGREP='/usr/bin/grep -E'
ac_cv_path_FGREP='/usr/bin/grep -F'
ac_cv_path_GREP=/usr/bin/grep
ac_cv_path_PYTHON=/usr/bin/python
ac_cv_path_SED=/usr/bin/sed
ac_cv_path_install='/usr/bin/install -c'
ac_cv_path_mkdir=/usr/bin/mkdir
ac_cv_prog_AWK=gawk
ac_cv_prog_CPP='gcc -E'
ac_cv_prog_CXXCPP='g++ -E'
ac_cv_prog_ac_ct_AR=ar
ac_cv_prog_ac_ct_CC=gcc
ac_cv_prog_ac_ct_CXX=g++
ac_cv_prog_ac_ct_OBJDUMP=objdump
ac_cv_prog_ac_ct_RANLIB=ranlib
ac_cv_prog_ac_ct_STRIP=strip
ac_cv_prog_cc_c89=
ac_cv_prog_cc_g=yes
ac_cv_prog_cxx_g=yes
ac_cv_prog_make_make_set=yes
am_cv_CC_dependencies_compiler_type=gcc3
am_cv_CXX_dependencies_compiler_type=gcc3
am_cv_make_support_nested_variables=yes
lt_cv_ar_at_file=@
lt_cv_archive_cmds_need_lc=no
lt_cv_deplibs_check_method=pass_all
lt_cv_file_magic_cmd='$MAGIC_CMD'
lt_cv_file_magic_test_file=
lt_cv_ld_reload_flag=-r
lt_cv_nm_interface='BSD nm'
lt_cv_objdir=.libs
lt_cv_path_LD=/usr/bin/ld
lt_cv_path_LDCXX='/usr/bin/ld -m elf_x86_64'
lt_cv_path_NM='/usr/bin/nm -B'
lt_cv_path_mainfest_tool=no
lt_cv_prog_compiler_c_o=yes
lt_cv_prog_compiler_c_o_CXX=yes
lt_cv_prog_compiler_pic='-fPIC -DPIC'
lt_cv_prog_compiler_pic_CXX='-fPIC -DPIC'
lt_cv_prog_compiler_pic_works=yes
lt_cv_prog_compiler_pic_works_CXX=yes
lt_cv_prog_compiler_rtti_exceptions=no
lt_cv_prog_compiler_static_works=no
lt_cv_prog_compiler_static_works_CXX=no
lt_cv_prog_gnu_ld=yes
lt_cv_prog_gnu_ldcxx=yes
lt_cv_sharedlib_from_linklib_cmd='printf %s\n'
lt_cv_shlibpath_overrides_runpath=no
lt_cv_sys_global_symbol_pipe='sed -n -e '\''s/^.*[	 ]\([ABCDGIRSTW][ABCDGIRSTW]*\)[	 ][	 ]*\([_A-Za-z][_A-Za-z0-9]*\)$/\1 \2 \2/p'\'' | sed '\''/ __gnu_lto/d'\'''
lt_cv_sys_global_symbol_to_c_name_address='sed -n -e '\''s/^: \([^ ]*\)[ ]*$/  {\"\1\", (void *) 0},/p'\'' -e '\''s/^[ABCDGIRSTW]* \([^ ]*\) \([^ ]*\)$/  {"\2", (void *) \&\2},/p'\'''
lt_cv_sys_global_symbol_to_c_name_address_lib_prefix='sed -n -e '\''s/^: \([^ ]*\)[ ]*$/  {\"\1\", (void *) 0},/p'\'' -e '\''s/^[ABCDGIRSTW]* \([^ ]*\) \(lib[^ ]*\)$/  {"\2", (void *) \&\2},/p'\'' -e '\''s/^[ABCDGIRSTW]* \([^ ]*\) \([^ ]*\)$/  {"lib\2", (void *) \&\2},/p'\'''
lt_cv_sys_global_symbol_to_cdecl='sed -n -e '\''s/^T .* \(.*\)$/extern int \1();/p'\'' -e '\''s/^[ABCDGIRSTW]* .* \(.*\)$/extern char \1;/p'\'''
lt_cv_sys_max_cmd_len=1572864
lt_cv_to_host_file_cmd=func_convert_file_noop
lt_cv_to_tool_file_cmd=func_convert_file_noop

## ----------------- ##
## Output variables. ##
## ----------------- ##

ACLOCAL='${SHELL} /usr/ceph-0.94.3/src/gmock/gtest/build-aux/missing aclocal-1.13'
AMDEPBACKSLASH='\'
AMDEP_FALSE='#'
AMDEP_TRUE=''
AMTAR='$${TAR-tar}'
AM_BACKSLASH='\'
AM_DEFAULT_V='$(AM_DEFAULT_VERBOSITY)'
AM_DEFAULT_VERBOSITY='1'
AM_V='$(V)'
AR='ar'
AUTOCONF='${SHELL} /usr/ceph-0.94.3/src/gmock/gtest/build-aux/missing autoconf'
AUTOHEADER='${SHELL} /usr/ceph-0.94.3/src/gmock/gtest/build-aux/missing autoheader'
AUTOMAKE='${SHELL} /usr/ceph-0.94.3/src/gmock/gtest/build-aux/missing automake-1.13'
AWK='gawk'
CC='gcc'
CCDEPMODE='depmode=gcc3'
CFLAGS='-g -O2'
CPP='gcc -E'
CPPFLAGS=''
CXX='g++'
CXXCPP='g++ -E'
CXXDEPMODE='depmode=gcc3'
CXXFLAGS='-g -O2'
CYGPATH_W='echo'
DEFS='-DHAVE_CONFIG_H'
DEPDIR='.deps'
DLLTOOL='false'
DSYMUTIL=''
DUMPBIN=''
ECHO_C=''
ECHO_N='-n'
ECHO_T=''
EGREP='/usr/bin/grep -E'
EXEEXT=''
FGREP='/usr/bin/grep -F'
GREP='/usr/bin/grep'
HAVE_PTHREADS_FALSE='#'
HAVE_PTHREADS_TRUE=''
HAVE_PYTHON_FALSE='#'
HAVE_PYTHON_TRUE=''
INSTALL_DATA='${INSTALL} -m 644'
INSTALL_PROGRAM='${INSTALL}'
INSTALL_SCRIPT='${INSTALL}'
INSTALL_STRIP_PROGRAM='$(install_sh) -c -s'
LD='/usr/bin/ld -m elf_x86_64'
LDFLAGS=''
LIBOBJS=''
LIBS=''
LIBTOOL='$(SHELL) $(top_builddir)/libtool'
LIPO=''
LN_S='ln -s'
LTLIBOBJS=''
MAKEINFO='${SHELL} /usr/ceph-0.94.3/src/gmock/gtest/build-aux/missing makeinfo'
MANIFEST_TOOL=':'
MKDIR_P='/usr/bin/mkdir -p'
NM='/usr/bin/nm -B'
NMEDIT=''
OBJDUMP='objdump'
OBJEXT='o'
OTOOL64=''
OTOOL=''
PACKAGE='gtest'
PACKAGE_BUGREPORT='googletestframework@googlegroups.com'
PACKAGE_NAME='Google C++ Testing Framework'
PACKAGE_STRING='Google C++ Testing Framework 1.7.0'
PACKAGE_TARNAME='gtest'
PACKAGE_URL=''
PACKAGE_VERSION='1.7.0'
PATH_SEPARATOR=':'
PTHREAD_CC='gcc'
PTHREAD_CFLAGS='-pthread'
PTHREAD_LIBS=''
PYTHON='/usr/bin/python'
RANLIB='ranlib'
SED='/usr/bin/sed'
SET_MAKE=''
SHELL='/bin/sh'
STRIP='strip'
VERSION='1.7.0'
ac_ct_AR='ar'
ac_ct_CC='gcc'
ac_ct_CXX='g++'
ac_ct_DUMPBIN=''
acx_pthread_config=''
am__EXEEXT_FALSE=''
am__EXEEXT_TRUE='#'
am__fastdepCC_FALSE='#'
am__fastdepCC_TRUE=''
am__fastdepCXX_FALSE='#'
am__fastdepCXX_TRUE=''
am__include='include'
am__isrc=''
am__leading_dot='.'
am__nodep='_no'
am__quote=''
am__tar='$${TAR-tar} chof - "$$tardir"'
am__untar='$${TAR-tar} xf -'
bindir='${exec_prefix}/bin'
build='x86_64-unknown-linux-gnu'
build_alias=''
build_cpu='x86_64'
build_os='linux-gnu'
build_vendor='unknown'
datadir='${datarootdir}'
datarootdir='${prefix}/share'
docdir='${datarootdir}/doc/${PACKAGE_TARNAME}'
dvidir='${docdir}'
exec_prefix='${prefix}'
host='x86_64-unknown-linux-gnu'
host_alias=''
host_cpu='x86_64'
host_os='linux-gnu'
host_vendor='unknown'
htmldir='${docdir}'
includedir='${prefix}/include'
infodir='${datarootdir}/info'
install_sh='${SHELL} /usr/ceph-0.94.3/src/gmock/gtest/build-aux/install-sh'
libdir='${exec_prefix}/lib'
libexecdir='${exec_prefix}/libexec'
localedir='${datarootdir}/locale'
localstatedir='${prefix}/var'
mandir='${datarootdir}/man'
mkdir_p='$(MKDIR_P)'
oldincludedir='/usr/include'
pdfdir='${docdir}'
prefix='/usr/local'
program_transform_name='s,x,x,'
psdir='${docdir}'
sbindir='${exec_prefix}/sbin'
sharedstatedir='${prefix}/com'
sysconfdir='${prefix}/etc'
target_alias=''

## ----------- ##
## confdefs.h. ##
## ----------- ##

/* confdefs.h */
#define PACKAGE_NAME "Google C++ Testing Framework"
#define PACKAGE_TARNAME "gtest"
#define PACKAGE_VERSION "1.7.0"
#define PACKAGE_STRING "Google C++ Testing Framework 1.7.0"
#define PACKAGE_BUGREPORT "googletestframework@googlegroups.com"
#define PACKAGE_URL ""
#define PACKAGE "gtest"
#define VERSION "1.7.0"
#define STDC_HEADERS 1
#define HAVE_SYS_TYPES_H 1
#define HAVE_SYS_STAT_H 1
#define HAVE_STDLIB_H 1
#define HAVE_STRING_H 1
#define HAVE_MEMORY_H 1
#define HAVE_STRINGS_H 1
#define HAVE_INTTYPES_H 1
#define HAVE_STDINT_H 1
#define HAVE_UNISTD_H 1
#define HAVE_DLFCN_H 1
#define LT_OBJDIR ".libs/"
#define HAVE_PTHREAD 1

configure: exit 0
